[W 03:50:39.138 NotebookApp] Loading JupyterLab as a classic notebook (v6) extension.
[I 2025-04-03 03:50:39.140 LabApp] JupyterLab extension loaded from /home/baris/anaconda3/envs/rl/lib/python3.11/site-packages/jupyterlab
[I 2025-04-03 03:50:39.140 LabApp] JupyterLab application directory is /home/baris/anaconda3/envs/rl/share/jupyter/lab
[I 03:50:39.599 NotebookApp] Serving notebooks from local directory: /home/baris/berk/deeppy
[I 03:50:39.599 NotebookApp] Jupyter Notebook 6.5.4 is running at:
[I 03:50:39.599 NotebookApp] http://localhost:8888/?token=15da3c5c7c0efc0bdcac612ceaaf0913a87974c5994bcbb8
[I 03:50:39.599 NotebookApp]  or http://127.0.0.1:8888/?token=15da3c5c7c0efc0bdcac612ceaaf0913a87974c5994bcbb8
[I 03:50:39.599 NotebookApp] Use Control-C to stop this server and shut down all kernels (twice to skip confirmation).
[W 03:50:39.600 NotebookApp] No web browser found: could not locate runnable browser.
[C 03:50:39.600 NotebookApp] 
    
    To access the notebook, open this file in a browser:
        file:///home/baris/.local/share/jupyter/runtime/nbserver-5110-open.html
    Or copy and paste one of these URLs:
        http://localhost:8888/?token=15da3c5c7c0efc0bdcac612ceaaf0913a87974c5994bcbb8
     or http://127.0.0.1:8888/?token=15da3c5c7c0efc0bdcac612ceaaf0913a87974c5994bcbb8
[I 03:50:50.709 NotebookApp] 302 GET /?token=15da3c5c7c0efc0bdcac612ceaaf0913a87974c5994bcbb8 (127.0.0.1) 1.010000ms
0.00s - Debugger warning: It seems that frozen modules are being used, which may
0.00s - make the debugger miss breakpoints. Please pass -Xfrozen_modules=off
0.00s - to python to disable frozen modules.
0.00s - Note: Debugging will proceed. Set PYDEVD_DISABLE_FILE_VALIDATION=1 to disable this validation.
[W 03:51:01.982 NotebookApp] Notebook example.ipynb is not trusted
[I 03:51:02.966 NotebookApp] Kernel started: d70d04e5-f9d3-4b05-bda2-1569cc434d63, name: python3
0.00s - Debugger warning: It seems that frozen modules are being used, which may
0.00s - make the debugger miss breakpoints. Please pass -Xfrozen_modules=off
0.00s - to python to disable frozen modules.
0.00s - Note: Debugging will proceed. Set PYDEVD_DISABLE_FILE_VALIDATION=1 to disable this validation.
[I 03:53:03.196 NotebookApp] Saving file at /example.ipynb
[W 03:53:03.196 NotebookApp] Notebook example.ipynb is not trusted
/home/baris/anaconda3/envs/rl/lib/python3.11/site-packages/nbformat/__init__.py:128: MissingIDFieldWarning: Code cell is missing an id field, this will become a hard error in future nbformat versions. You may want to use `normalize()` on your notebooks before validations (available since nbformat 5.1.4). Previous versions of nbformat are fixing this issue transparently, and will stop doing so in the future.
  validate(nb)
/home/baris/anaconda3/envs/rl/lib/python3.11/site-packages/notebook/services/contents/manager.py:353: MissingIDFieldWarning: Code cell is missing an id field, this will become a hard error in future nbformat versions. You may want to use `normalize()` on your notebooks before validations (available since nbformat 5.1.4). Previous versions of nbformat are fixing this issue transparently, and will stop doing so in the future.
  validate_nb(model['content'])
[I 03:55:03.677 NotebookApp] Saving file at /example.ipynb
[W 03:55:03.677 NotebookApp] Notebook example.ipynb is not trusted
[W 03:56:36.503 NotebookApp] Notebook viz.ipynb is not trusted
[I 03:56:38.081 NotebookApp] Kernel started: a13ebc4d-4529-4857-b72d-c394d46db9a7, name: python3
0.00s - Debugger warning: It seems that frozen modules are being used, which may
0.00s - make the debugger miss breakpoints. Please pass -Xfrozen_modules=off
0.00s - to python to disable frozen modules.
0.00s - Note: Debugging will proceed. Set PYDEVD_DISABLE_FILE_VALIDATION=1 to disable this validation.
[I 03:56:51.995 NotebookApp] Starting buffering for a13ebc4d-4529-4857-b72d-c394d46db9a7:5c16c79438474eb08ce904e9977af7fa
[I 03:57:03.006 NotebookApp] Saving file at /example.ipynb
[W 03:57:03.006 NotebookApp] Notebook example.ipynb is not trusted
[I 03:59:03.205 NotebookApp] Saving file at /example.ipynb
[W 03:59:03.206 NotebookApp] Notebook example.ipynb is not trusted
[I 04:01:03.294 NotebookApp] Saving file at /example.ipynb
[W 04:01:03.294 NotebookApp] Notebook example.ipynb is not trusted
[I 04:02:14.866 NotebookApp] Kernel interrupted: d70d04e5-f9d3-4b05-bda2-1569cc434d63
[I 04:03:03.713 NotebookApp] Saving file at /example.ipynb
[W 04:03:03.714 NotebookApp] Notebook example.ipynb is not trusted
[I 04:05:03.718 NotebookApp] Saving file at /example.ipynb
[W 04:05:03.719 NotebookApp] Notebook example.ipynb is not trusted
[I 04:07:03.968 NotebookApp] Saving file at /example.ipynb
[W 04:07:03.968 NotebookApp] Notebook example.ipynb is not trusted
[I 04:10:54.900 NotebookApp] Kernel interrupted: d70d04e5-f9d3-4b05-bda2-1569cc434d63
[I 04:10:57.345 NotebookApp] Starting buffering for d70d04e5-f9d3-4b05-bda2-1569cc434d63:624e366b7582422d8a8f2b80d1273c01
[I 04:10:59.282 NotebookApp] Kernel restarted: d70d04e5-f9d3-4b05-bda2-1569cc434d63
0.00s - Debugger warning: It seems that frozen modules are being used, which may
0.00s - make the debugger miss breakpoints. Please pass -Xfrozen_modules=off
0.00s - to python to disable frozen modules.
0.00s - Note: Debugging will proceed. Set PYDEVD_DISABLE_FILE_VALIDATION=1 to disable this validation.
[I 04:11:00.830 NotebookApp] Restoring connection for d70d04e5-f9d3-4b05-bda2-1569cc434d63:624e366b7582422d8a8f2b80d1273c01
[I 04:11:00.841 NotebookApp] Replaying 3 buffered messages
[I 04:11:04.045 NotebookApp] Saving file at /example.ipynb
[W 04:11:04.045 NotebookApp] Notebook example.ipynb is not trusted
[I 04:12:06.772 NotebookApp] Starting buffering for d70d04e5-f9d3-4b05-bda2-1569cc434d63:624e366b7582422d8a8f2b80d1273c01
[I 04:12:07.303 NotebookApp] Kernel restarted: d70d04e5-f9d3-4b05-bda2-1569cc434d63
0.00s - Debugger warning: It seems that frozen modules are being used, which may
0.00s - make the debugger miss breakpoints. Please pass -Xfrozen_modules=off
0.00s - to python to disable frozen modules.
0.00s - Note: Debugging will proceed. Set PYDEVD_DISABLE_FILE_VALIDATION=1 to disable this validation.
[I 04:12:07.798 NotebookApp] Restoring connection for d70d04e5-f9d3-4b05-bda2-1569cc434d63:624e366b7582422d8a8f2b80d1273c01
[I 04:12:07.808 NotebookApp] Replaying 6 buffered messages
[I 04:13:04.138 NotebookApp] Saving file at /example.ipynb
[W 04:13:04.138 NotebookApp] Notebook example.ipynb is not trusted
[I 04:14:04.023 NotebookApp] Kernel interrupted: d70d04e5-f9d3-4b05-bda2-1569cc434d63
[I 04:15:04.300 NotebookApp] Saving file at /example.ipynb
[W 04:15:04.300 NotebookApp] Notebook example.ipynb is not trusted
[I 04:15:04.452 NotebookApp] Kernel interrupted: d70d04e5-f9d3-4b05-bda2-1569cc434d63
[I 04:17:03.994 NotebookApp] Saving file at /example.ipynb
[W 04:17:03.995 NotebookApp] Notebook example.ipynb is not trusted
[I 04:17:46.337 NotebookApp] Saving file at /example.ipynb
[W 04:17:46.337 NotebookApp] Notebook example.ipynb is not trusted
[I 04:17:59.749 NotebookApp] Kernel interrupted: d70d04e5-f9d3-4b05-bda2-1569cc434d63
[I 04:18:01.557 NotebookApp] Starting buffering for d70d04e5-f9d3-4b05-bda2-1569cc434d63:624e366b7582422d8a8f2b80d1273c01
[I 04:18:02.689 NotebookApp] Kernel restarted: d70d04e5-f9d3-4b05-bda2-1569cc434d63
0.00s - Debugger warning: It seems that frozen modules are being used, which may
0.00s - make the debugger miss breakpoints. Please pass -Xfrozen_modules=off
0.00s - to python to disable frozen modules.
0.00s - Note: Debugging will proceed. Set PYDEVD_DISABLE_FILE_VALIDATION=1 to disable this validation.
[I 04:18:03.384 NotebookApp] Restoring connection for d70d04e5-f9d3-4b05-bda2-1569cc434d63:624e366b7582422d8a8f2b80d1273c01
[I 04:18:03.388 NotebookApp] Replaying 3 buffered messages
[I 04:19:04.520 NotebookApp] Saving file at /example.ipynb
[W 04:19:04.521 NotebookApp] Notebook example.ipynb is not trusted
[I 04:20:15.328 NotebookApp] Kernel interrupted: d70d04e5-f9d3-4b05-bda2-1569cc434d63
[I 04:20:17.375 NotebookApp] Starting buffering for d70d04e5-f9d3-4b05-bda2-1569cc434d63:624e366b7582422d8a8f2b80d1273c01
[I 04:20:18.108 NotebookApp] Kernel restarted: d70d04e5-f9d3-4b05-bda2-1569cc434d63
0.00s - Debugger warning: It seems that frozen modules are being used, which may
0.00s - make the debugger miss breakpoints. Please pass -Xfrozen_modules=off
0.00s - to python to disable frozen modules.
0.00s - Note: Debugging will proceed. Set PYDEVD_DISABLE_FILE_VALIDATION=1 to disable this validation.
[I 04:20:19.790 NotebookApp] Restoring connection for d70d04e5-f9d3-4b05-bda2-1569cc434d63:624e366b7582422d8a8f2b80d1273c01
[I 04:20:19.802 NotebookApp] Replaying 6 buffered messages
[I 04:21:04.784 NotebookApp] Saving file at /example.ipynb
[W 04:21:04.784 NotebookApp] Notebook example.ipynb is not trusted
